<?xml version="1.0" encoding="UTF-8"?>
<testsuite name="AbstractFactoryTest" tests="2" skipped="0" failures="0" errors="0" timestamp="2020-02-28T03:10:24" hostname="LenovoAngle" time="1.107">
  <properties/>
  <testcase name="parseNeededInputTest()" classname="AbstractFactoryTest" time="1.01"/>
  <testcase name="subClassesTest()" classname="AbstractFactoryTest" time="0.086"/>
  <system-out><![CDATA[Enter name of interface
Enter the number of functions
Enter the amount of sub classes
Enter name of class
Enter name of class
Enter name of class
21:10:25.618 [Test worker] INFO  MyConstants - **Car** directory successfully made
21:10:25.634 [Test worker] INFO  Abstract Factory - Abstract factory parameters acquired successfully
Enter name of interface
Enter the number of functions
Enter the amount of sub classes
Enter name of class
Enter name of class
Enter name of class
21:10:25.707 [Test worker] INFO  MyConstants - **Car** directory successfully made
21:10:25.708 [Test worker] INFO  Abstract Factory - Abstract factory parameters acquired successfully
21:10:25.721 [Test worker] INFO  MyConstants - File Car.java successfully created
21:10:25.726 [Test worker] INFO  MyConstants - Car.java file written successfully
21:10:25.730 [Test worker] INFO  MyConstants - File Honda.java successfully created
21:10:25.733 [Test worker] INFO  MyConstants - Honda.java file written successfully
21:10:25.736 [Test worker] INFO  MyConstants - File Nissan.java successfully created
21:10:25.737 [Test worker] INFO  MyConstants - Nissan.java file written successfully
21:10:25.740 [Test worker] INFO  MyConstants - File Ford.java successfully created
21:10:25.743 [Test worker] INFO  MyConstants - Ford.java file written successfully
21:10:25.745 [Test worker] INFO  MyConstants - File CarAbstractFactory.java successfully created
21:10:25.749 [Test worker] INFO  MyConstants - CarAbstractFactory.java file written successfully
21:10:25.752 [Test worker] INFO  MyConstants - File HondaFactory.java successfully created
21:10:25.756 [Test worker] INFO  MyConstants - HondaFactory.java file written successfully
21:10:25.759 [Test worker] INFO  MyConstants - File NissanFactory.java successfully created
21:10:25.761 [Test worker] INFO  MyConstants - NissanFactory.java file written successfully
21:10:25.763 [Test worker] INFO  MyConstants - File FordFactory.java successfully created
21:10:25.766 [Test worker] INFO  MyConstants - FordFactory.java file written successfully
21:10:25.769 [Test worker] INFO  MyConstants - File CarFactory.java successfully created
21:10:25.776 [Test worker] INFO  MyConstants - CarFactory.java file written successfully
21:10:25.778 [Test worker] INFO  Abstract Factory - Abstract factory for Car created successfully
]]></system-out>
  <system-err><![CDATA[]]></system-err>
</testsuite>
